# JRE version: OpenJDK Runtime Environment Temurin-21.0.1+12 (21.0.1+12) (build 21.0.1+12-LTS)
# Java VM: OpenJDK 64-Bit Server VM Temurin-21.0.1+12 (21.0.1+12-LTS, mixed mode, sharing, tiered, compressed oops, compressed class ptrs, g1 gc, windows-amd64)
GC Precious Log:
 CardTable entry size: 512
 Card Set container configuration: InlinePtr #cards 5 size 8 Array Of Cards #cards 12 size 40 Howl #buckets 4 coarsen threshold 1843 Howl Bitmap #cards 512 size 80 coarsen threshold 460 Card regions per heap region 1 cards per card region 2048
 CPUs: 12 total, 12 available
 Memory: 7514M
 Large Page Support: Disabled
 NUMA Support: Disabled
 Compressed Oops: Enabled (32-bit)
 Heap Region Size: 1M
 Heap Min Capacity: 8M
 Heap Initial Capacity: 118M
 Heap Max Capacity: 2G
 Pre-touch: Disabled
 Parallel Workers: 10
 Concurrent Workers: 3
 Concurrent Refinement Workers: 10
 Periodic GC: Disabled
Heap:
 garbage-first heap   total 81920K, used 58389K [0x0000000080000000, 0x0000000100000000)
  region size 1024K, 39 young (39936K), 5 survivors (5120K)
 Metaspace       used 33412K, committed 34624K, reserved 1114112K
  class space    used 4756K, committed 5376K, reserved 1048576K
GC Heap History (10 events):
Event: 1.873 GC heap before
{Heap before GC invocations=0 (full 0):
 garbage-first heap   total 120832K, used 26624K [0x0000000080000000, 0x0000000100000000)
  region size 1024K, 23 young (23552K), 0 survivors (0K)
 Metaspace       used 3126K, committed 3328K, reserved 1114112K
  class space    used 389K, committed 448K, reserved 1048576K
}
Event: 1.886 GC heap after
{Heap after GC invocations=1 (full 0):
 garbage-first heap   total 120832K, used 10203K [0x0000000080000000, 0x0000000100000000)
  region size 1024K, 3 young (3072K), 3 survivors (3072K)
 Metaspace       used 3126K, committed 3328K, reserved 1114112K
  class space    used 389K, committed 448K, reserved 1048576K
}
Event: 3.045 GC heap before
{Heap before GC invocations=1 (full 0):
 garbage-first heap   total 120832K, used 38875K [0x0000000080000000, 0x0000000100000000)
  region size 1024K, 31 young (31744K), 3 survivors (3072K)
 Metaspace       used 4061K, committed 4224K, reserved 1114112K
  class space    used 488K, committed 576K, reserved 1048576K
}
Event: 3.053 GC heap after
{Heap after GC invocations=2 (full 0):
 garbage-first heap   total 120832K, used 14336K [0x0000000080000000, 0x0000000100000000)
  region size 1024K, 4 young (4096K), 4 survivors (4096K)
 Metaspace       used 4061K, committed 4224K, reserved 1114112K
  class space    used 488K, committed 576K, reserved 1048576K
}
Event: 6.817 GC heap before
{Heap before GC invocations=2 (full 0):
 garbage-first heap   total 120832K, used 81920K [0x0000000080000000, 0x0000000100000000)
  region size 1024K, 70 young (71680K), 4 survivors (4096K)
 Metaspace       used 17985K, committed 18560K, reserved 1114112K
  class space    used 2591K, committed 2816K, reserved 1048576K
}
Event: 6.830 GC heap after
{Heap after GC invocations=3 (full 0):
 garbage-first heap   total 120832K, used 21450K [0x0000000080000000, 0x0000000100000000)
  region size 1024K, 9 young (9216K), 9 survivors (9216K)
 Metaspace       used 17985K, committed 18560K, reserved 1114112K
  class space    used 2591K, committed 2816K, reserved 1048576K
}
Event: 7.584 GC heap before
{Heap before GC invocations=3 (full 0):
 garbage-first heap   total 120832K, used 37834K [0x0000000080000000, 0x0000000100000000)
  region size 1024K, 27 young (27648K), 9 survivors (9216K)
 Metaspace       used 20840K, committed 21504K, reserved 1114112K
  class space    used 3075K, committed 3392K, reserved 1048576K
}
Event: 7.590 GC heap after
{Heap after GC invocations=4 (full 0):
 garbage-first heap   total 120832K, used 23028K [0x0000000080000000, 0x0000000100000000)
  region size 1024K, 2 young (2048K), 2 survivors (2048K)
 Metaspace       used 20840K, committed 21504K, reserved 1114112K
  class space    used 3075K, committed 3392K, reserved 1048576K
}
Event: 9.281 GC heap before
{Heap before GC invocations=5 (full 0):
 garbage-first heap   total 81920K, used 70132K [0x0000000080000000, 0x0000000100000000)
  region size 1024K, 48 young (49152K), 2 survivors (2048K)
 Metaspace       used 27774K, committed 28992K, reserved 1114112K
  class space    used 4183K, committed 4800K, reserved 1048576K
}
Event: 9.285 GC heap after
{Heap after GC invocations=6 (full 0):
 garbage-first heap   total 81920K, used 25621K [0x0000000080000000, 0x0000000100000000)
  region size 1024K, 5 young (5120K), 5 survivors (5120K)
 Metaspace       used 27774K, committed 28992K, reserved 1114112K
  class space    used 4183K, committed 4800K, reserved 1048576K
}

