# JRE version: OpenJDK Runtime Environment (17.0.6) (build 17.0.6+0-b2043.56-10027231)
# Java VM: OpenJDK 64-Bit Server VM (17.0.6+0-b2043.56-10027231, mixed mode, tiered, compressed oops, compressed class ptrs, g1 gc, windows-amd64)
GC Precious Log:
 CPUs: 12 total, 12 available
 Memory: 7514M
 Large Page Support: Disabled
 NUMA Support: Disabled
 Compressed Oops: Enabled (32-bit)
 Heap Region Size: 1M
 Heap Min Capacity: 8M
 Heap Initial Capacity: 118M
 Heap Max Capacity: 2G
 Pre-touch: Disabled
 Parallel Workers: 10
 Concurrent Workers: 3
 Concurrent Refinement Workers: 10
 Periodic GC: Disabled
Heap:
 garbage-first heap   total 94208K, used 53899K [0x0000000080000000, 0x0000000100000000)
  region size 1024K, 3 young (3072K), 1 survivors (1024K)
 Metaspace       used 66096K, committed 66560K, reserved 1114112K
  class space    used 8698K, committed 8896K, reserved 1048576K
GC Heap History (20 events):
Event: 5.249 GC heap before
{Heap before GC invocations=8 (full 0):
 garbage-first heap   total 71680K, used 50843K [0x0000000080000000, 0x0000000100000000)
  region size 1024K, 31 young (31744K), 4 survivors (4096K)
 Metaspace       used 40596K, committed 40960K, reserved 1089536K
  class space    used 5374K, committed 5504K, reserved 1048576K
}
Event: 5.255 GC heap after
{Heap after GC invocations=9 (full 0):
 garbage-first heap   total 71680K, used 28462K [0x0000000080000000, 0x0000000100000000)
  region size 1024K, 4 young (4096K), 4 survivors (4096K)
 Metaspace       used 40596K, committed 40960K, reserved 1089536K
  class space    used 5374K, committed 5504K, reserved 1048576K
}
Event: 5.659 GC heap before
{Heap before GC invocations=9 (full 0):
 garbage-first heap   total 71680K, used 55086K [0x0000000080000000, 0x0000000100000000)
  region size 1024K, 28 young (28672K), 4 survivors (4096K)
 Metaspace       used 42784K, committed 43136K, reserved 1089536K
  class space    used 5582K, committed 5696K, reserved 1048576K
}
Event: 5.663 GC heap after
{Heap after GC invocations=10 (full 0):
 garbage-first heap   total 86016K, used 30455K [0x0000000080000000, 0x0000000100000000)
  region size 1024K, 3 young (3072K), 3 survivors (3072K)
 Metaspace       used 42784K, committed 43136K, reserved 1089536K
  class space    used 5582K, committed 5696K, reserved 1048576K
}
Event: 6.463 GC heap before
{Heap before GC invocations=10 (full 0):
 garbage-first heap   total 86016K, used 64247K [0x0000000080000000, 0x0000000100000000)
  region size 1024K, 36 young (36864K), 3 survivors (3072K)
 Metaspace       used 47329K, committed 47744K, reserved 1097728K
  class space    used 6186K, committed 6400K, reserved 1048576K
}
Event: 6.466 GC heap after
{Heap after GC invocations=11 (full 0):
 garbage-first heap   total 86016K, used 33127K [0x0000000080000000, 0x0000000100000000)
  region size 1024K, 3 young (3072K), 3 survivors (3072K)
 Metaspace       used 47329K, committed 47744K, reserved 1097728K
  class space    used 6186K, committed 6400K, reserved 1048576K
}
Event: 7.224 GC heap before
{Heap before GC invocations=11 (full 0):
 garbage-first heap   total 86016K, used 64871K [0x0000000080000000, 0x0000000100000000)
  region size 1024K, 34 young (34816K), 3 survivors (3072K)
 Metaspace       used 51099K, committed 51584K, reserved 1097728K
  class space    used 6767K, committed 6976K, reserved 1048576K
}
Event: 7.227 GC heap after
{Heap after GC invocations=12 (full 0):
 garbage-first heap   total 86016K, used 35124K [0x0000000080000000, 0x0000000100000000)
  region size 1024K, 2 young (2048K), 2 survivors (2048K)
 Metaspace       used 51099K, committed 51584K, reserved 1097728K
  class space    used 6767K, committed 6976K, reserved 1048576K
}
Event: 8.765 GC heap before
{Heap before GC invocations=12 (full 0):
 garbage-first heap   total 86016K, used 64820K [0x0000000080000000, 0x0000000100000000)
  region size 1024K, 32 young (32768K), 2 survivors (2048K)
 Metaspace       used 58190K, committed 58624K, reserved 1105920K
  class space    used 7642K, committed 7808K, reserved 1048576K
}
Event: 8.768 GC heap after
{Heap after GC invocations=13 (full 0):
 garbage-first heap   total 86016K, used 38862K [0x0000000080000000, 0x0000000100000000)
  region size 1024K, 4 young (4096K), 4 survivors (4096K)
 Metaspace       used 58190K, committed 58624K, reserved 1105920K
  class space    used 7642K, committed 7808K, reserved 1048576K
}
Event: 11.019 GC heap before
{Heap before GC invocations=13 (full 0):
 garbage-first heap   total 86016K, used 68558K [0x0000000080000000, 0x0000000100000000)
  region size 1024K, 31 young (31744K), 4 survivors (4096K)
 Metaspace       used 58822K, committed 59200K, reserved 1105920K
  class space    used 7707K, committed 7872K, reserved 1048576K
}
Event: 11.023 GC heap after
{Heap after GC invocations=14 (full 0):
 garbage-first heap   total 86016K, used 49028K [0x0000000080000000, 0x0000000100000000)
  region size 1024K, 4 young (4096K), 4 survivors (4096K)
 Metaspace       used 58822K, committed 59200K, reserved 1105920K
  class space    used 7707K, committed 7872K, reserved 1048576K
}
Event: 11.025 GC heap before
{Heap before GC invocations=14 (full 0):
 garbage-first heap   total 86016K, used 49028K [0x0000000080000000, 0x0000000100000000)
  region size 1024K, 5 young (5120K), 4 survivors (4096K)
 Metaspace       used 58822K, committed 59200K, reserved 1105920K
  class space    used 7707K, committed 7872K, reserved 1048576K
}
Event: 11.027 GC heap after
{Heap after GC invocations=15 (full 0):
 garbage-first heap   total 86016K, used 49777K [0x0000000080000000, 0x0000000100000000)
  region size 1024K, 1 young (1024K), 1 survivors (1024K)
 Metaspace       used 58822K, committed 59200K, reserved 1105920K
  class space    used 7707K, committed 7872K, reserved 1048576K
}
Event: 12.424 GC heap before
{Heap before GC invocations=16 (full 0):
 garbage-first heap   total 91136K, used 65137K [0x0000000080000000, 0x0000000100000000)
  region size 1024K, 16 young (16384K), 1 survivors (1024K)
 Metaspace       used 60583K, committed 61120K, reserved 1105920K
  class space    used 7959K, committed 8192K, reserved 1048576K
}
Event: 12.427 GC heap after
{Heap after GC invocations=17 (full 0):
 garbage-first heap   total 91136K, used 51455K [0x0000000080000000, 0x0000000100000000)
  region size 1024K, 2 young (2048K), 2 survivors (2048K)
 Metaspace       used 60583K, committed 61120K, reserved 1105920K
  class space    used 7959K, committed 8192K, reserved 1048576K
}
Event: 12.727 GC heap before
{Heap before GC invocations=17 (full 0):
 garbage-first heap   total 91136K, used 68863K [0x0000000080000000, 0x0000000100000000)
  region size 1024K, 19 young (19456K), 2 survivors (2048K)
 Metaspace       used 63128K, committed 63680K, reserved 1105920K
  class space    used 8289K, committed 8576K, reserved 1048576K
}
Event: 12.729 GC heap after
{Heap after GC invocations=18 (full 0):
 garbage-first heap   total 91136K, used 52190K [0x0000000080000000, 0x0000000100000000)
  region size 1024K, 1 young (1024K), 1 survivors (1024K)
 Metaspace       used 63128K, committed 63680K, reserved 1105920K
  class space    used 8289K, committed 8576K, reserved 1048576K
}
Event: 13.039 GC heap before
{Heap before GC invocations=19 (full 0):
 garbage-first heap   total 94208K, used 69598K [0x0000000080000000, 0x0000000100000000)
  region size 1024K, 18 young (18432K), 1 survivors (1024K)
 Metaspace       used 65816K, committed 66368K, reserved 1114112K
  class space    used 8641K, committed 8896K, reserved 1048576K
}
Event: 13.041 GC heap after
{Heap after GC invocations=20 (full 0):
 garbage-first heap   total 94208K, used 52728K [0x0000000080000000, 0x0000000100000000)
  region size 1024K, 2 young (2048K), 2 survivors (2048K)
 Metaspace       used 65816K, committed 66368K, reserved 1114112K
  class space    used 8641K, committed 8896K, reserved 1048576K
}

